2025-02-17 23:32:43,348 - Error analyzing earnings for RELIANCE.NS: unsupported format string passed to Series.__format__
2025-02-17 23:41:46,762 - Error analyzing earnings for RELIANCE.NS: unsupported format string passed to Series.__format__
2025-02-17 23:49:35,475 - Error analyzing earnings for TCS.NS: unsupported format string passed to Series.__format__
2025-02-18 01:41:48,846 - Error analyzing earnings for INFY.NS: unsupported format string passed to Series.__format__
2025-02-18 01:41:50,191 - Error analyzing earnings for HDFCBANK.NS: unsupported format string passed to Series.__format__
2025-02-18 01:41:51,109 - Error analyzing earnings for ICICIBANK.NS: unsupported format string passed to Series.__format__
2025-02-18 01:41:51,916 - Error analyzing earnings for HINDUNILVR.NS: unsupported format string passed to Series.__format__
2025-02-18 01:41:52,723 - Error analyzing earnings for SBIN.NS: unsupported format string passed to Series.__format__
2025-02-18 01:41:53,428 - Error analyzing earnings for BAJFINANCE.NS: unsupported format string passed to Series.__format__
2025-02-18 01:41:54,188 - Error analyzing earnings for BHARTIARTL.NS: unsupported format string passed to Series.__format__
2025-02-18 01:41:55,021 - Error analyzing earnings for KOTAKBANK.NS: unsupported format string passed to Series.__format__
2025-02-18 01:41:55,773 - Error analyzing earnings for ITC.NS: unsupported format string passed to Series.__format__
2025-02-18 01:41:56,499 - Error analyzing earnings for LT.NS: unsupported format string passed to Series.__format__
2025-02-18 01:41:57,284 - Error analyzing earnings for HCLTECH.NS: unsupported format string passed to Series.__format__
2025-02-18 01:41:58,217 - Error analyzing earnings for AXISBANK.NS: unsupported format string passed to Series.__format__
2025-02-18 01:41:58,996 - Error analyzing earnings for MARUTI.NS: unsupported format string passed to Series.__format__
2025-02-18 01:41:59,813 - Error analyzing earnings for ASIANPAINT.NS: unsupported format string passed to Series.__format__
2025-02-18 01:42:01,121 - Error analyzing earnings for SUNPHARMA.NS: unsupported format string passed to Series.__format__
2025-02-18 01:42:02,194 - Error analyzing earnings for TITAN.NS: unsupported format string passed to Series.__format__
2025-02-18 01:42:03,261 - Error analyzing earnings for ULTRACEMCO.NS: unsupported format string passed to Series.__format__
2025-02-18 01:42:04,212 - Error analyzing earnings for TECHM.NS: unsupported format string passed to Series.__format__
2025-02-18 01:42:05,187 - Error analyzing earnings for NESTLEIND.NS: unsupported format string passed to Series.__format__
2025-02-18 01:42:06,091 - Error analyzing earnings for INDUSINDBK.NS: unsupported format string passed to Series.__format__
2025-02-18 01:42:07,080 - Error analyzing earnings for WIPRO.NS: unsupported format string passed to Series.__format__
2025-02-18 01:42:08,139 - Error analyzing earnings for POWERGRID.NS: unsupported format string passed to Series.__format__
2025-02-18 01:42:08,969 - Error analyzing earnings for BAJAJFINSV.NS: unsupported format string passed to Series.__format__
2025-02-18 01:42:09,855 - Error analyzing earnings for TATAMOTORS.NS: unsupported format string passed to Series.__format__
2025-02-18 01:42:10,633 - Error analyzing earnings for TATACONSUM.NS: unsupported format string passed to Series.__format__
2025-02-18 01:42:11,406 - Error analyzing earnings for HDFCLIFE.NS: unsupported format string passed to Series.__format__
2025-02-18 01:42:12,235 - Error analyzing earnings for DRREDDY.NS: unsupported format string passed to Series.__format__
2025-02-18 01:42:13,029 - Error analyzing earnings for ONGC.NS: unsupported format string passed to Series.__format__
2025-02-18 01:42:14,077 - Error analyzing earnings for HINDALCO.NS: unsupported format string passed to Series.__format__
2025-02-18 01:42:14,864 - Error analyzing earnings for JSWSTEEL.NS: unsupported format string passed to Series.__format__
2025-02-18 01:42:15,592 - Error analyzing earnings for DIVISLAB.NS: unsupported format string passed to Series.__format__
2025-02-18 01:42:16,400 - Error analyzing earnings for ADANIPORTS.NS: unsupported format string passed to Series.__format__
2025-02-18 01:42:17,374 - Error analyzing earnings for CIPLA.NS: unsupported format string passed to Series.__format__
2025-02-18 01:42:18,561 - Error analyzing earnings for GRASIM.NS: unsupported format string passed to Series.__format__
2025-02-18 01:42:19,384 - Error analyzing earnings for NTPC.NS: unsupported format string passed to Series.__format__
2025-02-18 01:42:20,165 - Error analyzing earnings for BRITANNIA.NS: unsupported format string passed to Series.__format__
2025-02-18 01:42:21,026 - Error analyzing earnings for APOLLOHOSP.NS: unsupported format string passed to Series.__format__
2025-02-18 01:42:21,814 - Error analyzing earnings for COALINDIA.NS: unsupported format string passed to Series.__format__
2025-02-18 01:42:22,556 - Error analyzing earnings for SBILIFE.NS: unsupported format string passed to Series.__format__
2025-02-18 01:42:23,294 - Error analyzing earnings for EICHERMOT.NS: unsupported format string passed to Series.__format__
2025-02-18 01:42:24,039 - Error analyzing earnings for BAJAJ-AUTO.NS: unsupported format string passed to Series.__format__
2025-02-18 01:42:25,001 - Error analyzing earnings for TATASTEEL.NS: unsupported format string passed to Series.__format__
2025-02-18 01:42:26,028 - Error analyzing earnings for HEROMOTOCO.NS: unsupported format string passed to Series.__format__
2025-02-18 01:42:26,954 - Error analyzing earnings for BPCL.NS: unsupported format string passed to Series.__format__
2025-02-18 01:42:27,922 - Error analyzing earnings for M&M.NS: unsupported format string passed to Series.__format__
2025-02-18 01:42:28,657 - Error analyzing earnings for IOC.NS: unsupported format string passed to Series.__format__
2025-02-20 16:06:16,941 - Error analyzing earnings for ABB.NS: Too Many Requests. Rate limited. Try after a while.
