2025-02-16 02:32:30,056 - Error fetching NSE data for RELIANCE: Expecting value: line 1 column 1 (char 0)
2025-02-16 02:32:30,058 - Error fetching Yahoo Finance data for RELIANCE.NS: 'Ticker' object has no attribute 'analysis'
2025-02-16 02:32:30,059 - Data missing for RELIANCE
2025-02-16 02:32:32,749 - Error fetching NSE data for TCS: Expecting value: line 1 column 1 (char 0)
2025-02-16 02:32:32,751 - Error fetching Yahoo Finance data for TCS.NS: 'Ticker' object has no attribute 'analysis'
2025-02-16 02:32:32,751 - Data missing for TCS
2025-02-16 02:32:35,152 - Error fetching NSE data for INFY: Expecting value: line 1 column 1 (char 0)
2025-02-16 02:32:35,154 - Error fetching Yahoo Finance data for INFY.NS: 'Ticker' object has no attribute 'analysis'
2025-02-16 02:32:35,154 - Data missing for INFY
2025-02-16 02:32:37,425 - Error fetching NSE data for HDFCBANK: Expecting value: line 1 column 1 (char 0)
2025-02-16 02:32:37,425 - Error fetching Yahoo Finance data for HDFCBANK.NS: 'Ticker' object has no attribute 'analysis'
2025-02-16 02:32:37,426 - Data missing for HDFCBANK
2025-02-16 02:32:39,706 - Error fetching NSE data for ICICIBANK: Expecting value: line 1 column 1 (char 0)
2025-02-16 02:32:39,708 - Error fetching Yahoo Finance data for ICICIBANK.NS: 'Ticker' object has no attribute 'analysis'
2025-02-16 02:32:39,708 - Data missing for ICICIBANK
2025-02-16 02:34:20,217 - Error fetching NSE data for RELIANCE: Expecting value: line 1 column 1 (char 0)
2025-02-16 02:34:20,221 - Error fetching Yahoo Finance data for RELIANCE.NS: 'Ticker' object has no attribute 'analysis'
2025-02-16 02:34:20,221 - Data missing for RELIANCE
2025-02-16 02:34:22,553 - Error fetching NSE data for TCS: Expecting value: line 1 column 1 (char 0)
2025-02-16 02:34:22,554 - Error fetching Yahoo Finance data for TCS.NS: 'Ticker' object has no attribute 'analysis'
2025-02-16 02:34:22,554 - Data missing for TCS
2025-02-16 02:34:25,048 - Error fetching NSE data for INFY: Expecting value: line 1 column 1 (char 0)
2025-02-16 02:34:25,050 - Error fetching Yahoo Finance data for INFY.NS: 'Ticker' object has no attribute 'analysis'
2025-02-16 02:34:25,050 - Data missing for INFY
2025-02-16 02:34:27,297 - Error fetching NSE data for HDFCBANK: Expecting value: line 1 column 1 (char 0)
2025-02-16 02:34:27,298 - Error fetching Yahoo Finance data for HDFCBANK.NS: 'Ticker' object has no attribute 'analysis'
2025-02-16 02:34:27,298 - Data missing for HDFCBANK
2025-02-16 02:34:29,637 - Error fetching NSE data for ICICIBANK: Expecting value: line 1 column 1 (char 0)
2025-02-16 02:34:29,638 - Error fetching Yahoo Finance data for ICICIBANK.NS: 'Ticker' object has no attribute 'analysis'
2025-02-16 02:34:29,639 - Data missing for ICICIBANK
2025-02-16 02:36:19,978 - No earnings data for RELIANCE.NS
2025-02-16 02:36:20,553 - Error fetching Yahoo Finance analyst expectations for RELIANCE.NS: 'Firm'
2025-02-16 02:36:20,553 - Data missing for RELIANCE.NS
2025-02-16 02:36:22,559 - No earnings data for TCS.NS
2025-02-16 02:36:22,659 - Error fetching Yahoo Finance analyst expectations for TCS.NS: 'Firm'
2025-02-16 02:36:22,659 - Data missing for TCS.NS
2025-02-16 02:36:24,664 - No earnings data for INFY.NS
2025-02-16 02:36:24,768 - Error fetching Yahoo Finance analyst expectations for INFY.NS: 'Firm'
2025-02-16 02:36:24,768 - Data missing for INFY.NS
2025-02-16 02:36:26,774 - No earnings data for HDFCBANK.NS
2025-02-16 02:36:26,875 - Error fetching Yahoo Finance analyst expectations for HDFCBANK.NS: 'Firm'
2025-02-16 02:36:26,875 - Data missing for HDFCBANK.NS
2025-02-16 02:36:28,881 - No earnings data for ICICIBANK.NS
2025-02-16 02:36:28,981 - Error fetching Yahoo Finance analyst expectations for ICICIBANK.NS: 'Firm'
2025-02-16 02:36:28,982 - Data missing for ICICIBANK.NS
2025-02-16 14:49:28,571 - No earnings data for RELIANCE.NS
2025-02-16 14:49:29,433 - Error fetching Yahoo Finance analyst expectations for RELIANCE.NS: 'Firm'
2025-02-16 14:49:29,433 - Data missing for RELIANCE.NS
2025-02-16 14:49:31,440 - No earnings data for TCS.NS
2025-02-16 14:49:31,550 - Error fetching Yahoo Finance analyst expectations for TCS.NS: 'Firm'
2025-02-16 14:49:31,550 - Data missing for TCS.NS
2025-02-16 14:49:33,556 - No earnings data for INFY.NS
2025-02-16 14:49:33,661 - Error fetching Yahoo Finance analyst expectations for INFY.NS: 'Firm'
2025-02-16 14:49:33,663 - Data missing for INFY.NS
2025-02-16 14:49:35,668 - No earnings data for HDFCBANK.NS
2025-02-16 14:49:35,771 - Error fetching Yahoo Finance analyst expectations for HDFCBANK.NS: 'Firm'
2025-02-16 14:49:35,772 - Data missing for HDFCBANK.NS
2025-02-16 14:49:37,778 - No earnings data for ICICIBANK.NS
2025-02-16 14:49:37,883 - Error fetching Yahoo Finance analyst expectations for ICICIBANK.NS: 'Firm'
2025-02-16 14:49:37,884 - Data missing for ICICIBANK.NS
2025-02-16 14:51:00,550 - No earnings data for RELIANCE.NS
2025-02-16 14:51:00,999 - Error fetching Yahoo Finance analyst expectations for RELIANCE.NS: 'Firm'
2025-02-16 14:51:00,999 - Data missing for RELIANCE.NS
